\BOOKMARK [1][-]{section.1}{\376\377\000I\000n\000t\000r\000o\000d\000u\000c\000t\000i\000o\000n}{}% 1
\BOOKMARK [2][-]{subsection.1.1}{\376\377\000P\000r\000o\000b\000l\000e\000m\000\040\000S\000t\000a\000t\000e\000m\000e\000n\000t}{section.1}% 2
\BOOKMARK [2][-]{subsection.1.2}{\376\377\000B\000a\000s\000e\000l\000i\000n\000e\000\040\000P\000e\000r\000f\000o\000r\000m\000a\000n\000c\000e}{section.1}% 3
\BOOKMARK [2][-]{subsection.1.3}{\376\377\000P\000r\000o\000j\000e\000c\000t\000\040\000O\000b\000j\000e\000c\000t\000i\000v\000e\000s}{section.1}% 4
\BOOKMARK [1][-]{section.2}{\376\377\000A\000p\000p\000r\000o\000a\000c\000h\000\040\000O\000v\000e\000r\000v\000i\000e\000w}{}% 5
\BOOKMARK [2][-]{subsection.2.1}{\376\377\000C\000o\000r\000e\000\040\000I\000n\000n\000o\000v\000a\000t\000i\000o\000n\000:\000\040\000P\000o\000s\000i\000t\000i\000o\000n\000-\000W\000i\000s\000e\000\040\000P\000r\000e\000d\000i\000c\000t\000i\000o\000n}{section.2}% 6
\BOOKMARK [3][-]{subsubsection.2.1.1}{\376\377\000T\000r\000a\000d\000i\000t\000i\000o\000n\000a\000l\000\040\000A\000p\000p\000r\000o\000a\000c\000h\000\040\000L\000i\000m\000i\000t\000a\000t\000i\000o\000n}{subsection.2.1}% 7
\BOOKMARK [3][-]{subsubsection.2.1.2}{\376\377\000O\000u\000r\000\040\000P\000o\000s\000i\000t\000i\000o\000n\000-\000W\000i\000s\000e\000\040\000A\000p\000p\000r\000o\000a\000c\000h}{subsection.2.1}% 8
\BOOKMARK [2][-]{subsection.2.2}{\376\377\000K\000e\000y\000\040\000A\000d\000v\000a\000n\000t\000a\000g\000e\000s}{section.2}% 9
\BOOKMARK [1][-]{section.3}{\376\377\000T\000e\000c\000h\000n\000i\000c\000a\000l\000\040\000A\000r\000c\000h\000i\000t\000e\000c\000t\000u\000r\000e}{}% 10
\BOOKMARK [2][-]{subsection.3.1}{\376\377\000M\000o\000d\000e\000l\000\040\000A\000r\000c\000h\000i\000t\000e\000c\000t\000u\000r\000e\000s}{section.3}% 11
\BOOKMARK [3][-]{subsubsection.3.1.1}{\376\377\000B\000i\000L\000S\000T\000M\000\040\000A\000r\000c\000h\000i\000t\000e\000c\000t\000u\000r\000e}{subsection.3.1}% 12
\BOOKMARK [3][-]{subsubsection.3.1.2}{\376\377\000T\000r\000a\000n\000s\000f\000o\000r\000m\000e\000r\000\040\000A\000r\000c\000h\000i\000t\000e\000c\000t\000u\000r\000e}{subsection.3.1}% 13
\BOOKMARK [3][-]{subsubsection.3.1.3}{\376\377\000H\000a\000n\000g\000m\000a\000n\000B\000E\000R\000T\000\040\000A\000r\000c\000h\000i\000t\000e\000c\000t\000u\000r\000e}{subsection.3.1}% 14
\BOOKMARK [2][-]{subsection.3.2}{\376\377\000L\000o\000s\000s\000\040\000F\000u\000n\000c\000t\000i\000o\000n}{section.3}% 15
\BOOKMARK [2][-]{subsection.3.3}{\376\377\000D\000a\000t\000a\000\040\000G\000e\000n\000e\000r\000a\000t\000i\000o\000n\000\040\000P\000i\000p\000e\000l\000i\000n\000e}{section.3}% 16
\BOOKMARK [3][-]{subsubsection.3.3.1}{\376\377\000T\000r\000a\000i\000n\000i\000n\000g\000\040\000D\000a\000t\000a\000\040\000S\000t\000a\000t\000i\000s\000t\000i\000c\000s}{subsection.3.3}% 17
\BOOKMARK [3][-]{subsubsection.3.3.2}{\376\377\0001\0003\000\040\000M\000a\000s\000k\000i\000n\000g\000\040\000S\000t\000r\000a\000t\000e\000g\000i\000e\000s}{subsection.3.3}% 18
\BOOKMARK [3][-]{subsubsection.3.3.3}{\376\377\000T\000r\000a\000j\000e\000c\000t\000o\000r\000y\000\040\000G\000e\000n\000e\000r\000a\000t\000i\000o\000n}{subsection.3.3}% 19
\BOOKMARK [1][-]{section.4}{\376\377\000T\000r\000a\000i\000n\000i\000n\000g\000\040\000I\000n\000f\000r\000a\000s\000t\000r\000u\000c\000t\000u\000r\000e}{}% 20
\BOOKMARK [2][-]{subsection.4.1}{\376\377\000D\000a\000t\000a\000L\000o\000a\000d\000e\000r\000\040\000O\000p\000t\000i\000m\000i\000z\000a\000t\000i\000o\000n\000s}{section.4}% 21
\BOOKMARK [2][-]{subsection.4.2}{\376\377\000T\000r\000a\000i\000n\000i\000n\000g\000\040\000C\000o\000n\000f\000i\000g\000u\000r\000a\000t\000i\000o\000n}{section.4}% 22
\BOOKMARK [2][-]{subsection.4.3}{\376\377\000E\000v\000a\000l\000u\000a\000t\000i\000o\000n\000\040\000C\000a\000l\000l\000b\000a\000c\000k}{section.4}% 23
\BOOKMARK [2][-]{subsection.4.4}{\376\377\000M\000o\000d\000e\000l\000\040\000C\000h\000e\000c\000k\000p\000o\000i\000n\000t\000i\000n\000g}{section.4}% 24
\BOOKMARK [1][-]{section.5}{\376\377\000G\000u\000e\000s\000s\000i\000n\000g\000\040\000S\000t\000r\000a\000t\000e\000g\000i\000e\000s}{}% 25
\BOOKMARK [2][-]{subsection.5.1}{\376\377\000H\000e\000u\000r\000i\000s\000t\000i\000c\000\040\000S\000t\000r\000a\000t\000e\000g\000i\000e\000s}{section.5}% 26
\BOOKMARK [2][-]{subsection.5.2}{\376\377\000N\000e\000u\000r\000a\000l\000\040\000S\000t\000r\000a\000t\000e\000g\000y\000\040\000I\000m\000p\000l\000e\000m\000e\000n\000t\000a\000t\000i\000o\000n}{section.5}% 27
\BOOKMARK [1][-]{section.6}{\376\377\000E\000x\000p\000e\000r\000i\000m\000e\000n\000t\000a\000l\000\040\000R\000e\000s\000u\000l\000t\000s}{}% 28
\BOOKMARK [2][-]{subsection.6.1}{\376\377\000P\000r\000a\000c\000t\000i\000c\000e\000\040\000G\000a\000m\000e\000\040\000P\000e\000r\000f\000o\000r\000m\000a\000n\000c\000e}{section.6}% 29
\BOOKMARK [2][-]{subsection.6.2}{\376\377\000O\000f\000f\000i\000c\000i\000a\000l\000\040\000T\000e\000s\000t\000\040\000R\000e\000s\000u\000l\000t\000s}{section.6}% 30
\BOOKMARK [2][-]{subsection.6.3}{\376\377\000S\000t\000r\000a\000t\000e\000g\000y\000\040\000C\000o\000m\000p\000a\000r\000i\000s\000o\000n}{section.6}% 31
\BOOKMARK [2][-]{subsection.6.4}{\376\377\000K\000e\000y\000\040\000O\000b\000s\000e\000r\000v\000a\000t\000i\000o\000n\000s}{section.6}% 32
\BOOKMARK [1][-]{section.7}{\376\377\000I\000m\000p\000l\000e\000m\000e\000n\000t\000a\000t\000i\000o\000n\000\040\000D\000e\000t\000a\000i\000l\000s}{}% 33
\BOOKMARK [2][-]{subsection.7.1}{\376\377\000P\000r\000o\000j\000e\000c\000t\000\040\000S\000t\000r\000u\000c\000t\000u\000r\000e}{section.7}% 34
\BOOKMARK [2][-]{subsection.7.2}{\376\377\000K\000e\000y\000\040\000T\000e\000c\000h\000n\000o\000l\000o\000g\000i\000e\000s}{section.7}% 35
\BOOKMARK [2][-]{subsection.7.3}{\376\377\000R\000e\000p\000r\000o\000d\000u\000c\000i\000b\000i\000l\000i\000t\000y}{section.7}% 36
\BOOKMARK [2][-]{subsection.7.4}{\376\377\000R\000a\000n\000d\000o\000m\000\040\000S\000e\000e\000d\000\040\000M\000a\000n\000a\000g\000e\000m\000e\000n\000t}{section.7}% 37
\BOOKMARK [1][-]{section.8}{\376\377\000F\000u\000t\000u\000r\000e\000\040\000W\000o\000r\000k}{}% 38
\BOOKMARK [1][-]{section.9}{\376\377\000C\000o\000n\000c\000l\000u\000s\000i\000o\000n}{}% 39
\BOOKMARK [2][-]{subsection.9.1}{\376\377\000K\000e\000y\000\040\000C\000o\000n\000t\000r\000i\000b\000u\000t\000i\000o\000n\000s}{section.9}% 40
\BOOKMARK [2][-]{subsection.9.2}{\376\377\000F\000i\000n\000a\000l\000\040\000R\000e\000m\000a\000r\000k\000s}{section.9}% 41
\BOOKMARK [1][-]{appendix.A}{\376\377\000M\000o\000d\000e\000l\000\040\000A\000r\000c\000h\000i\000t\000e\000c\000t\000u\000r\000e\000\040\000D\000e\000t\000a\000i\000l\000s}{}% 42
\BOOKMARK [2][-]{subsection.A.1}{\376\377\000B\000i\000L\000S\000T\000M\000\040\000F\000o\000r\000w\000a\000r\000d\000\040\000P\000a\000s\000s}{appendix.A}% 43
\BOOKMARK [1][-]{appendix.B}{\376\377\000T\000r\000a\000i\000n\000i\000n\000g\000\040\000M\000e\000t\000r\000i\000c\000s}{}% 44
\BOOKMARK [2][-]{subsection.B.1}{\376\377\000S\000a\000m\000p\000l\000e\000\040\000T\000r\000a\000i\000n\000i\000n\000g\000\040\000L\000o\000g}{appendix.B}% 45
\BOOKMARK [1][-]{appendix.C}{\376\377\000A\000P\000I\000\040\000U\000s\000a\000g\000e\000\040\000E\000x\000a\000m\000p\000l\000e\000s}{}% 46
\BOOKMARK [2][-]{subsection.C.1}{\376\377\000S\000i\000n\000g\000l\000e\000\040\000G\000a\000m\000e\000\040\000E\000x\000a\000m\000p\000l\000e}{appendix.C}% 47
\BOOKMARK [1][-]{appendix.D}{\376\377\000C\000o\000m\000p\000l\000e\000t\000e\000\040\000R\000e\000s\000u\000l\000t\000s\000\040\000T\000a\000b\000l\000e}{}% 48
